#-----------------------------------------------------------
# Vivado v2019.1 (64-bit)
# SW Build 2552052 on Fri May 24 14:49:42 MDT 2019
# IP Build 2548770 on Fri May 24 18:01:18 MDT 2019
# Start of session at: Mon Nov 16 21:48:27 2020
# Process ID: 1364
# Current directory: C:/Xilinx/CMPEN_331/CMPEN331_Lab4
# Command line: vivado.exe -gui_launcher_event rodinguilauncherevent3644 C:\Xilinx\CMPEN_331\CMPEN331_Lab4\CMPEN331_Lab3.xpr
# Log file: C:/Xilinx/CMPEN_331/CMPEN331_Lab4/vivado.log
# Journal file: C:/Xilinx/CMPEN_331/CMPEN331_Lab4\vivado.jou
#-----------------------------------------------------------
start_gui
open_project C:/Xilinx/CMPEN_331/CMPEN331_Lab4/CMPEN331_Lab3.xpr
INFO: [Project 1-313] Project file moved from 'C:/Xilinx/CMPEN_331/CMPEN331_Lab3' since last save.
Scanning sources...
Finished scanning sources
INFO: [IP_Flow 19-234] Refreshing IP repositories
INFO: [IP_Flow 19-1704] No user IP repositories specified
INFO: [IP_Flow 19-2313] Loaded Vivado IP repository 'C:/Xilinx/Vivado/2019.1/data/ip'.
open_project: Time (s): cpu = 00:00:12 ; elapsed = 00:00:05 . Memory (MB): peak = 749.801 ; gain = 88.691
