#-----------------------------------------------------------
# Vivado v2019.1 (64-bit)
# SW Build 2552052 on Fri May 24 14:49:42 MDT 2019
# IP Build 2548770 on Fri May 24 18:01:18 MDT 2019
# Start of session at: Sun Nov 22 00:47:09 2020
# Process ID: 1532
# Current directory: C:/Xilinx/CMPEN_331/CMPEN331_Lab4
# Command line: vivado.exe -gui_launcher_event rodinguilauncherevent11292 C:\Xilinx\CMPEN_331\CMPEN331_Lab4\CMPEN331_Lab3.xpr
# Log file: C:/Xilinx/CMPEN_331/CMPEN331_Lab4/vivado.log
# Journal file: C:/Xilinx/CMPEN_331/CMPEN331_Lab4\vivado.jou
#-----------------------------------------------------------
start_gui
open_project C:/Xilinx/CMPEN_331/CMPEN331_Lab4/CMPEN331_Lab3.xpr
Scanning sources...
Finished scanning sources
INFO: [IP_Flow 19-234] Refreshing IP repositories
INFO: [IP_Flow 19-1704] No user IP repositories specified
INFO: [IP_Flow 19-2313] Loaded Vivado IP repository 'C:/Xilinx/Vivado/2019.1/data/ip'.
launch_simulation
INFO: [Vivado 12-5682] Launching behavioral simulation in 'C:/Xilinx/CMPEN_331/CMPEN331_Lab4/CMPEN331_Lab3.sim/sim_1/behav/xsim'
INFO: [SIM-utils-51] Simulation object is 'sim_1'
INFO: [SIM-utils-54] Inspecting design source files for 'TestBench' in fileset 'sim_1'...
INFO: [USF-XSim-97] Finding global include files...
INFO: [USF-XSim-100] Fetching design files from 'sources_1'...(this may take a while)...
INFO: [USF-XSim-101] Fetching design files from 'sim_1'...
INFO: [USF-XSim-2] XSim::Compile design
INFO: [USF-XSim-61] Executing 'COMPILE and ANALYZE' step in 'C:/Xilinx/CMPEN_331/CMPEN331_Lab4/CMPEN331_Lab3.sim/sim_1/behav/xsim'
"xvlog --incr --relax -prj TestBench_vlog.prj"
INFO: [USF-XSim-69] 'compile' step finished in '1' seconds
INFO: [USF-XSim-3] XSim::Elaborate design
INFO: [USF-XSim-61] Executing 'ELABORATE' step in 'C:/Xilinx/CMPEN_331/CMPEN331_Lab4/CMPEN331_Lab3.sim/sim_1/behav/xsim'
"xelab -wto ff4295882e424ac9a116a73871b27f44 --incr --debug typical --relax --mt 2 -L xil_defaultlib -L unisims_ver -L unimacro_ver -L secureip --snapshot TestBench_behav xil_defaultlib.TestBench xil_defaultlib.glbl -log elaborate.log"
Vivado Simulator 2019.1
Copyright 1986-1999, 2001-2019 Xilinx, Inc. All Rights Reserved.
Running: C:/Xilinx/Vivado/2019.1/bin/unwrapped/win64.o/xelab.exe -wto ff4295882e424ac9a116a73871b27f44 --incr --debug typical --relax --mt 2 -L xil_defaultlib -L unisims_ver -L unimacro_ver -L secureip --snapshot TestBench_behav xil_defaultlib.TestBench xil_defaultlib.glbl -log elaborate.log 
Using 2 slave threads.
Starting static elaboration
Completed static elaboration
INFO: [XSIM 43-4323] No Change in HDL. Linking previously generated obj files to create kernel
INFO: [USF-XSim-69] 'elaborate' step finished in '2' seconds
INFO: [USF-XSim-4] XSim::Simulate design
INFO: [USF-XSim-61] Executing 'SIMULATE' step in 'C:/Xilinx/CMPEN_331/CMPEN331_Lab4/CMPEN331_Lab3.sim/sim_1/behav/xsim'
INFO: [USF-XSim-98] *** Running xsim
   with args "TestBench_behav -key {Behavioral:sim_1:Functional:TestBench} -tclbatch {TestBench.tcl} -view {C:/Xilinx/CMPEN_331/CMPEN331_Lab4/TestBench_behav.wcfg} -log {simulate.log}"
INFO: [USF-XSim-8] Loading simulator feature
Vivado Simulator 2019.1
Time resolution is 1 ps
open_wave_config C:/Xilinx/CMPEN_331/CMPEN331_Lab4/TestBench_behav.wcfg
source TestBench.tcl
# set curr_wave [current_wave_config]
# if { [string length $curr_wave] == 0 } {
#   if { [llength [get_objects]] > 0} {
#     add_wave /
#     set_property needs_save false [current_wave_config]
#   } else {
#      send_msg_id Add_Wave-1 WARNING "No top level signals found. Simulator will start without a wave window. If you want to open a wave window go to 'File->New Waveform Configuration' or type 'create_wave_config' in the TCL console."
#   }
# }
# run 1000ns
INFO: [USF-XSim-96] XSim completed. Design snapshot 'TestBench_behav' loaded.
INFO: [USF-XSim-97] XSim simulation ran for 1000ns
launch_simulation: Time (s): cpu = 00:00:10 ; elapsed = 00:00:08 . Memory (MB): peak = 835.512 ; gain = 44.891
close_sim
INFO: [Simtcl 6-16] Simulation closed
exit
INFO: [Common 17-206] Exiting Vivado at Sun Nov 22 00:48:37 2020...
